senate run: phase BUILDING
15:16:36  dispatcher             T001 dispatched: issue #16, worktree task/T001
15:16:36  worker:T001            session 31 started
15:17:55  worker:T001            session 31 finished (1m19s)
15:17:55  worker:T001            done with no file changes (validation task)
15:17:56  dispatcher             T001 no code changes (validation task) — checkbox ticked in tasks.md
15:18:02  dispatcher             T002 dispatched: issue #17, worktree task/T002
15:18:02  worker:T002            session 32 started
15:20:58  worker:T002            session 32 finished (2m56s)
15:20:58  worker:T002            done with no file changes (validation task)
15:21:00  dispatcher             T002 no code changes (validation task) — checkbox ticked in tasks.md
15:21:04  dispatcher             T003 dispatched: issue #18, worktree task/T003
15:21:04  worker:T003            session 33 started
15:21:53  worker:T003            session 33 finished (48s)
15:21:53  worker:T003            done with no file changes (validation task)
15:21:54  dispatcher             T003 no code changes (validation task) — checkbox ticked in tasks.md
15:21:59  dispatcher             T005 dispatched: issue #19, worktree task/T005
15:21:59  worker:T005            session 34 started
15:23:52  worker:T005            session 34 finished (1m53s)
15:23:52  worker:T005            done with no file changes (validation task)
15:23:54  dispatcher             T005 no code changes (validation task) — checkbox ticked in tasks.md
15:23:58  dispatcher             T006 dispatched: issue #20, worktree task/T006
15:23:58  worker:T006            session 35 started
15:25:05  worker:T006            session 35 finished (1m7s)
15:25:05  worker:T006            done: commits on task/T006, ready for review
15:25:09  dispatcher             T006 PR #21 opened into 001-retro-dungeon-crawler
15:25:10  reviewer:T006          session 36 started
15:25:42  reviewer:T006          session 36 finished (32s)
15:25:43  reviewer:T006          verdict on PR #21: approve
15:25:48  dispatcher             T006 merged (PR #21) — checkbox ticked in tasks.md
15:25:53  dispatcher             T007 dispatched: issue #22, worktree task/T007
15:25:53  worker:T007            session 37 started
15:27:19  worker:T007            session 37 finished (1m26s)
15:27:19  worker:T007            done with no file changes (validation task)
15:27:20  dispatcher             T007 no code changes (validation task) — checkbox ticked in tasks.md
15:27:25  dispatcher             T008 dispatched: issue #23, worktree task/T008
15:27:25  worker:T008            session 38 started
15:29:09  worker:T008            session 38 finished (1m44s)
15:29:09  worker:T008            done with no file changes (validation task)
15:29:11  dispatcher             T008 no code changes (validation task) — checkbox ticked in tasks.md
15:29:16  dispatcher             T009 dispatched: issue #24, worktree task/T009
15:29:16  worker:T009            session 39 started
15:31:23  worker:T009            session 39 finished (2m7s)
15:31:23  worker:T009            done with no file changes (validation task)
15:31:25  dispatcher             T009 no code changes (validation task) — checkbox ticked in tasks.md
15:31:29  dispatcher             T010 dispatched: issue #25, worktree task/T010
15:31:29  worker:T010            session 40 started
15:38:19  worker:T010            session 40 finished (6m51s)
15:38:19  worker:T010            done: commits on task/T010, ready for review
15:38:23  dispatcher             T010 PR #26 opened into 001-retro-dungeon-crawler
15:38:24  reviewer:T010          session 41 started
15:41:23  reviewer:T010          session 41 finished (2m59s)
15:41:24  reviewer:T010          verdict on PR #26: approve
